#-----------------------------------------------------------
# Vivado v2022.2 (64-bit)
# SW Build 3671981 on Fri Oct 14 05:00:03 MDT 2022
# IP Build 3669848 on Fri Oct 14 08:30:02 MDT 2022
# Start of session at: Sun Dec 10 14:56:37 2023
# Process ID: 3776
# Current directory: C:/Users/Usuario/Desktop/10_OCTUBRE
# Command line: vivado.exe -gui_launcher_event rodinguilauncherevent7408 C:\Users\Usuario\Desktop\10_OCTUBRE\PracticaFinal.xpr
# Log file: C:/Users/Usuario/Desktop/10_OCTUBRE/vivado.log
# Journal file: C:/Users/Usuario/Desktop/10_OCTUBRE\vivado.jou
# Running On: DESKTOP-8NP5GKR, OS: Windows, CPU Frequency: 2803 MHz, CPU Physical cores: 4, Host memory: 8358 MB
#-----------------------------------------------------------
start_gui
open_project C:/Users/Usuario/Desktop/10_OCTUBRE/PracticaFinal.xpr
WARNING: [Board 49-26] cannot add Board Part xilinx.com:kc705:part0:1.6 available at C:/Xilinx/Vivado/2022.2/data/xhub/boards/XilinxBoardStore/boards/Xilinx/kc705/1.6/board.xml as part xc7k325tffg900-2 specified in board_part file is either invalid or not available
WARNING: [Board 49-26] cannot add Board Part xilinx.com:kcu105:part0:1.6 available at C:/Xilinx/Vivado/2022.2/data/xhub/boards/XilinxBoardStore/boards/Xilinx/kcu105/1.6/board.xml as part xcku040-ffva1156-2-e specified in board_part file is either invalid or not available
WARNING: [Board 49-26] cannot add Board Part xilinx.com:kcu105:part0:1.7 available at C:/Xilinx/Vivado/2022.2/data/xhub/boards/XilinxBoardStore/boards/Xilinx/kcu105/1.7/board.xml as part xcku040-ffva1156-2-e specified in board_part file is either invalid or not available
WARNING: [Board 49-26] cannot add Board Part xilinx.com:kcu1500:part0:1.2 available at C:/Xilinx/Vivado/2022.2/data/xhub/boards/XilinxBoardStore/boards/Xilinx/kcu1500/1.2/board.xml as part xcku115-flvb2104-2-e specified in board_part file is either invalid or not available
WARNING: [Board 49-26] cannot add Board Part xilinx.com:vc707:part0:1.4 available at C:/Xilinx/Vivado/2022.2/data/xhub/boards/XilinxBoardStore/boards/Xilinx/vc707/1.4/board.xml as part xc7vx485tffg1761-2 specified in board_part file is either invalid or not available
WARNING: [Board 49-26] cannot add Board Part xilinx.com:vc709:part0:1.8 available at C:/Xilinx/Vivado/2022.2/data/xhub/boards/XilinxBoardStore/boards/Xilinx/vc709/1.8/board.xml as part xc7vx690tffg1761-2 specified in board_part file is either invalid or not available
WARNING: [Board 49-26] cannot add Board Part xilinx.com:vck190:part0:2.2 available at C:/Xilinx/Vivado/2022.2/data/xhub/boards/XilinxBoardStore/boards/Xilinx/vck190/production/2.2/board.xml as part xcvc1902-vsva2197-2mp-e-s specified in board_part file is either invalid or not available
WARNING: [Board 49-26] cannot add Board Part xilinx.com:vck190:part0:3.0 available at C:/Xilinx/Vivado/2022.2/data/xhub/boards/XilinxBoardStore/boards/Xilinx/vck190/production/3.0/board.xml as part xcvc1902-vsva2197-2mp-e-s specified in board_part file is either invalid or not available
WARNING: [Board 49-26] cannot add Board Part xilinx.com:vck190:part0:3.1 available at C:/Xilinx/Vivado/2022.2/data/xhub/boards/XilinxBoardStore/boards/Xilinx/vck190/production/3.1/board.xml as part xcvc1902-vsva2197-2mp-e-s specified in board_part file is either invalid or not available
WARNING: [Board 49-26] cannot add Board Part xilinx.com:vck190_newl:part0:1.0 available at C:/Xilinx/Vivado/2022.2/data/xhub/boards/XilinxBoardStore/boards/Xilinx/vck190_newl/production/1.0/board.xml as part xcvc1902-vsva2197-2mp-e-s specified in board_part file is either invalid or not available
WARNING: [Board 49-26] cannot add Board Part xilinx.com:vcu108:part0:1.6 available at C:/Xilinx/Vivado/2022.2/data/xhub/boards/XilinxBoardStore/boards/Xilinx/vcu108/1.6/board.xml as part xcvu095-ffva2104-2-e specified in board_part file is either invalid or not available
WARNING: [Board 49-26] cannot add Board Part xilinx.com:vcu108:part0:1.7 available at C:/Xilinx/Vivado/2022.2/data/xhub/boards/XilinxBoardStore/boards/Xilinx/vcu108/1.7/board.xml as part xcvu095-ffva2104-2-e specified in board_part file is either invalid or not available
WARNING: [Board 49-26] cannot add Board Part xilinx.com:vcu110:part0:1.4 available at C:/Xilinx/Vivado/2022.2/data/xhub/boards/XilinxBoardStore/boards/Xilinx/vcu110/1.4/board.xml as part xcvu190-flgc2104-2-e specified in board_part file is either invalid or not available
WARNING: [Board 49-26] cannot add Board Part xilinx.com:vcu118:part0:2.0 available at C:/Xilinx/Vivado/2022.2/data/xhub/boards/XilinxBoardStore/boards/Xilinx/vcu118/2.0/board.xml as part xcvu9p-flga2104-2l-e specified in board_part file is either invalid or not available
WARNING: [Board 49-26] cannot add Board Part xilinx.com:vcu118:part0:2.3 available at C:/Xilinx/Vivado/2022.2/data/xhub/boards/XilinxBoardStore/boards/Xilinx/vcu118/2.3/board.xml as part xcvu9p-flga2104-2l-e specified in board_part file is either invalid or not available
WARNING: [Board 49-26] cannot add Board Part xilinx.com:vcu118:part0:2.4 available at C:/Xilinx/Vivado/2022.2/data/xhub/boards/XilinxBoardStore/boards/Xilinx/vcu118/2.4/board.xml as part xcvu9p-flga2104-2l-e specified in board_part file is either invalid or not available
WARNING: [Board 49-26] cannot add Board Part xilinx.com:vcu128:part0:1.0 available at C:/Xilinx/Vivado/2022.2/data/xhub/boards/XilinxBoardStore/boards/Xilinx/vcu128/production/1.0/board.xml as part xcvu37p-fsvh2892-2l-e specified in board_part file is either invalid or not available
WARNING: [Board 49-26] cannot add Board Part xilinx.com:vcu129:part0:1.0 available at C:/Xilinx/Vivado/2022.2/data/xhub/boards/XilinxBoardStore/boards/Xilinx/vcu129/production/1.0/board.xml as part xcvu29p-fsga2577-2l-e specified in board_part file is either invalid or not available
WARNING: [Board 49-26] cannot add Board Part xilinx.com:vcu1525:part0:1.3 available at C:/Xilinx/Vivado/2022.2/data/xhub/boards/XilinxBoardStore/boards/Xilinx/vcu1525/1.3/board.xml as part xcvu9p-fsgd2104-2l-e specified in board_part file is either invalid or not available
WARNING: [Board 49-26] cannot add Board Part xilinx.com:vek280_es:part0:1.0 available at C:/Xilinx/Vivado/2022.2/data/xhub/boards/XilinxBoardStore/boards/Xilinx/vek280/es/1.0/board.xml as part xcve2802-vsvh1760-2lp-e-s-es1 specified in board_part file is either invalid or not available
WARNING: [Board 49-26] cannot add Board Part xilinx.com:vermeo_t1_mpsoc:part0:1.0 available at C:/Xilinx/Vivado/2022.2/data/xhub/boards/XilinxBoardStore/boards/Xilinx/vermeo_t1_mpsoc/1.0/board.xml as part xczu19eg-ffvd1760-2l-e specified in board_part file is either invalid or not available
WARNING: [Board 49-26] cannot add Board Part xilinx.com:vermeo_t1_rfsoc:part0:1.0 available at C:/Xilinx/Vivado/2022.2/data/xhub/boards/XilinxBoardStore/boards/Xilinx/vermeo_t1_rfsoc/1.0/board.xml as part xczu21dr-ffvd1156-2l-e specified in board_part file is either invalid or not available
WARNING: [Board 49-26] cannot add Board Part xilinx.com:vhk158_es:part0:1.0 available at C:/Xilinx/Vivado/2022.2/data/xhub/boards/XilinxBoardStore/boards/Xilinx/vhk158/es/1.0/board.xml as part xcvh1582-vsva3697-2mp-e-s-es1 specified in board_part file is either invalid or not available
WARNING: [Board 49-26] cannot add Board Part xilinx.com:vmk180:part0:2.2 available at C:/Xilinx/Vivado/2022.2/data/xhub/boards/XilinxBoardStore/boards/Xilinx/vmk180/production/2.2/board.xml as part xcvm1802-vsva2197-2mp-e-s specified in board_part file is either invalid or not available
WARNING: [Board 49-26] cannot add Board Part xilinx.com:vmk180:part0:3.0 available at C:/Xilinx/Vivado/2022.2/data/xhub/boards/XilinxBoardStore/boards/Xilinx/vmk180/production/3.0/board.xml as part xcvm1802-vsva2197-2mp-e-s specified in board_part file is either invalid or not available
WARNING: [Board 49-26] cannot add Board Part xilinx.com:vmk180:part0:3.1 available at C:/Xilinx/Vivado/2022.2/data/xhub/boards/XilinxBoardStore/boards/Xilinx/vmk180/production/3.1/board.xml as part xcvm1802-vsva2197-2mp-e-s specified in board_part file is either invalid or not available
WARNING: [Board 49-26] cannot add Board Part xilinx.com:vmk180_newl:part0:1.0 available at C:/Xilinx/Vivado/2022.2/data/xhub/boards/XilinxBoardStore/boards/Xilinx/vmk180_newl/production/1.0/board.xml as part xcvm1802-vsva2197-2mp-e-s specified in board_part file is either invalid or not available
WARNING: [Board 49-26] cannot add Board Part xilinx.com:vpk120:part0:1.0 available at C:/Xilinx/Vivado/2022.2/data/xhub/boards/XilinxBoardStore/boards/Xilinx/vpk120/production/1.0/board.xml as part xcvp1202-vsva2785-2mp-e-s specified in board_part file is either invalid or not available
WARNING: [Board 49-26] cannot add Board Part xilinx.com:vpk120_es:part0:1.2 available at C:/Xilinx/Vivado/2022.2/data/xhub/boards/XilinxBoardStore/boards/Xilinx/vpk120/es/1.2/board.xml as part xcvp1202-vsva2785-2mp-e-s-es1 specified in board_part file is either invalid or not available
WARNING: [Board 49-26] cannot add Board Part xilinx.com:vpk120_es_revb:part0:1.0 available at C:/Xilinx/Vivado/2022.2/data/xhub/boards/XilinxBoardStore/boards/Xilinx/vpk120_revb/es/1.0/board.xml as part xcvp1202-vsva2785-2mp-e-s-es1 specified in board_part file is either invalid or not available
WARNING: [Board 49-26] cannot add Board Part xilinx.com:vpk180_es:part0:1.0 available at C:/Xilinx/Vivado/2022.2/data/xhub/boards/XilinxBoardStore/boards/Xilinx/vpk180/es/1.0/board.xml as part xcvp1802-lsvc4072-2mp-e-s-es1 specified in board_part file is either invalid or not available
WARNING: [Board 49-26] cannot add Board Part xilinx.com:zc706:part0:1.4 available at C:/Xilinx/Vivado/2022.2/data/xhub/boards/XilinxBoardStore/boards/Xilinx/zc706/1.4/board.xml as part xc7z045ffg900-2 specified in board_part file is either invalid or not available
WARNING: [Board 49-26] cannot add Board Part xilinx.com:zcu102:part0:3.3 available at C:/Xilinx/Vivado/2022.2/data/xhub/boards/XilinxBoardStore/boards/Xilinx/zcu102/3.3/board.xml as part xczu9eg-ffvb1156-2-e specified in board_part file is either invalid or not available
WARNING: [Board 49-26] cannot add Board Part xilinx.com:zcu102:part0:3.4 available at C:/Xilinx/Vivado/2022.2/data/xhub/boards/XilinxBoardStore/boards/Xilinx/zcu102/3.4/board.xml as part xczu9eg-ffvb1156-2-e specified in board_part file is either invalid or not available
WARNING: [Board 49-26] cannot add Board Part xilinx.com:zcu111:part0:1.2 available at C:/Xilinx/Vivado/2022.2/data/xhub/boards/XilinxBoardStore/boards/Xilinx/zcu111/1.2/board.xml as part xczu28dr-ffvg1517-2-e specified in board_part file is either invalid or not available
WARNING: [Board 49-26] cannot add Board Part xilinx.com:zcu111:part0:1.3 available at C:/Xilinx/Vivado/2022.2/data/xhub/boards/XilinxBoardStore/boards/Xilinx/zcu111/1.3/board.xml as part xczu28dr-ffvg1517-2-e specified in board_part file is either invalid or not available
WARNING: [Board 49-26] cannot add Board Part xilinx.com:zcu111:part0:1.4 available at C:/Xilinx/Vivado/2022.2/data/xhub/boards/XilinxBoardStore/boards/Xilinx/zcu111/1.4/board.xml as part xczu28dr-ffvg1517-2-e specified in board_part file is either invalid or not available
WARNING: [Board 49-26] cannot add Board Part xilinx.com:zcu1275:part0:1.0 available at C:/Xilinx/Vivado/2022.2/data/xhub/boards/XilinxBoardStore/boards/Xilinx/zcu1275/1.0/board.xml as part xczu29dr-ffvf1760-2-e specified in board_part file is either invalid or not available
WARNING: [Board 49-26] cannot add Board Part xilinx.com:zcu1285:part0:1.0 available at C:/Xilinx/Vivado/2022.2/data/xhub/boards/XilinxBoardStore/boards/Xilinx/zcu1285/1.0/board.xml as part xczu39dr-ffvf1760-2-i specified in board_part file is either invalid or not available
WARNING: [Board 49-26] cannot add Board Part xilinx.com:zcu208:part0:2.0 available at C:/Xilinx/Vivado/2022.2/data/xhub/boards/XilinxBoardStore/boards/Xilinx/zcu208/production/2.0/board.xml as part xczu48dr-fsvg1517-2-e specified in board_part file is either invalid or not available
WARNING: [Board 49-26] cannot add Board Part xilinx.com:zcu208ld:part0:2.0 available at C:/Xilinx/Vivado/2022.2/data/xhub/boards/XilinxBoardStore/boards/Xilinx/zcu208ld/production/2.0/board.xml as part xczu58dr-fsvg1517-2-i specified in board_part file is either invalid or not available
WARNING: [Board 49-26] cannot add Board Part xilinx.com:zcu216:part0:2.0 available at C:/Xilinx/Vivado/2022.2/data/xhub/boards/XilinxBoardStore/boards/Xilinx/zcu216/production/2.0/board.xml as part xczu49dr-ffvf1760-2-e specified in board_part file is either invalid or not available
WARNING: [Board 49-26] cannot add Board Part xilinx.com:zcu216ld:part0:2.0 available at C:/Xilinx/Vivado/2022.2/data/xhub/boards/XilinxBoardStore/boards/Xilinx/zcu216ld/production/2.0/board.xml as part xczu59dr-ffvf1760-2-i specified in board_part file is either invalid or not available
WARNING: [Board 49-26] cannot add Board Part xilinx.com:zcu670:part0:2.0 available at C:/Xilinx/Vivado/2022.2/data/xhub/boards/XilinxBoardStore/boards/Xilinx/zcu670/2.0/board.xml as part xczu67dr-fsve1156-2-i specified in board_part file is either invalid or not available
WARNING: [Board 49-26] cannot add Board Part xilinx.com:zcu670ld:part0:1.0 available at C:/Xilinx/Vivado/2022.2/data/xhub/boards/XilinxBoardStore/boards/Xilinx/zcu670ld/1.0/board.xml as part xczu57dr-fsve1156-2-i specified in board_part file is either invalid or not available
CRITICAL WARNING: [Project 1-19] Could not find the file 'C:/Users/Usuario/Desktop/LCSE/PRACTICA1MIRIAM/PRACTICA1MIRIAM/PRACTICA1MIRIAM.srcs/sources_1/ip/fifo/fifo.xci'.
Scanning sources...
Finished scanning sources
ERROR: [IP_Flow 19-993] Could not find IP file for IP 'fifo'.
INFO: [IP_Flow 19-234] Refreshing IP repositories
INFO: [IP_Flow 19-1704] No user IP repositories specified
INFO: [IP_Flow 19-2313] Loaded Vivado IP repository 'C:/Xilinx/Vivado/2022.2/data/ip'.
CRITICAL WARNING: [IP_Flow 19-3933] Unable to construct an IP Instance fifo using VLNV :::.
open_project: Time (s): cpu = 00:00:10 ; elapsed = 00:00:07 . Memory (MB): peak = 1328.117 ; gain = 245.359
ERROR: [Common 17-39] 'open_project' failed due to earlier errors.
update_compile_order -fileset sources_1
add_files -norecurse -scan_for_includes C:/Users/Usuario/Desktop/10_OCTUBRE/PracticaFinal.srcs/sources_1/ip/fifo/fifo.xci
WARNING: [Vivado 12-13650] The IP file 'C:/Users/Usuario/Desktop/10_OCTUBRE/PracticaFinal.srcs/sources_1/ip/fifo/fifo.xci' has been moved from its original location, as a result the outputs for this IP will now be generated in 'c:/Users/Usuario/Desktop/10_OCTUBRE/PRACTICA1MIRIAM.gen/sources_1/ip/fifo'. Alternatively a copy of the IP can be imported into the project using one of the 'import_ip' or 'import_files' commands.
export_ip_user_files -of_objects  [get_files  C:/Users/Usuario/Desktop/10_OCTUBRE/PracticaFinal.srcs/sources_1/ip/fifo/fifo.xci] -lib_map_path [list {modelsim=C:/Users/Usuario/Desktop/10_OCTUBRE/PracticaFinal.cache/compile_simlib/modelsim} {questa=C:/Users/Usuario/Desktop/10_OCTUBRE/PracticaFinal.cache/compile_simlib/questa} {riviera=C:/Users/Usuario/Desktop/10_OCTUBRE/PracticaFinal.cache/compile_simlib/riviera} {activehdl=C:/Users/Usuario/Desktop/10_OCTUBRE/PracticaFinal.cache/compile_simlib/activehdl}] -force -quiet
update_compile_order -fileset sources_1
generate_target all [get_files C:/Users/Usuario/Desktop/10_OCTUBRE/PracticaFinal.srcs/sources_1/ip/fifo/fifo.xci]
INFO: [IP_Flow 19-1686] Generating 'Instantiation Template' target for IP 'fifo'...
INFO: [IP_Flow 19-1686] Generating 'Synthesis' target for IP 'fifo'...
INFO: [IP_Flow 19-1686] Generating 'Simulation' target for IP 'fifo'...
INFO: [IP_Flow 19-1686] Generating 'Change Log' target for IP 'fifo'...
export_ip_user_files -of_objects [get_files C:/Users/Usuario/Desktop/10_OCTUBRE/PracticaFinal.srcs/sources_1/ip/fifo/fifo.xci] -no_script -sync -force -quiet
export_simulation -of_objects [get_files C:/Users/Usuario/Desktop/10_OCTUBRE/PracticaFinal.srcs/sources_1/ip/fifo/fifo.xci] -directory C:/Users/Usuario/Desktop/10_OCTUBRE/PracticaFinal.ip_user_files/sim_scripts -ip_user_files_dir C:/Users/Usuario/Desktop/10_OCTUBRE/PracticaFinal.ip_user_files -ipstatic_source_dir C:/Users/Usuario/Desktop/10_OCTUBRE/PracticaFinal.ip_user_files/ipstatic -lib_map_path [list {modelsim=C:/Users/Usuario/Desktop/10_OCTUBRE/PracticaFinal.cache/compile_simlib/modelsim} {questa=C:/Users/Usuario/Desktop/10_OCTUBRE/PracticaFinal.cache/compile_simlib/questa} {riviera=C:/Users/Usuario/Desktop/10_OCTUBRE/PracticaFinal.cache/compile_simlib/riviera} {activehdl=C:/Users/Usuario/Desktop/10_OCTUBRE/PracticaFinal.cache/compile_simlib/activehdl}] -use_ip_compiled_libs -force -quiet
reset_run fifo_synth_1
launch_run fifo_synth_1
ERROR: [Common 17-53] User Exception: Unable to launch Synthesis run. No Verilog or VHDL sources found in project
launch_simulation
Command: launch_simulation 
INFO: [Vivado 12-12493] Simulation top is 'PICtop_tb'
WARNING: [Vivado 12-13340] Unable to auto find GCC executables from simulator install path! (path not set)
WARNING: [Vivado 12-13277] Compiled library path does not exist: ''
INFO: [Vivado 12-5698] Checking validity of IPs in the design for the 'XSim' simulator...
INFO: [Vivado 12-5682] Launching behavioral simulation in 'C:/Users/Usuario/Desktop/10_OCTUBRE/PracticaFinal.sim/sim_1/behav/xsim'
INFO: [Vivado 12-13660] Precompiled IP simulation library mode is enabled (default). The design IP libraries will be referenced from the compiled library path. Please note that if the precompiled version of the library is not found from the path or the IP is in locked state, then the library source files for these IPs will be compiled locally as part of the compile order.
INFO: [Vivado 12-4795] Using compiled simulation libraries for IPs
INFO: [SIM-utils-51] Simulation object is 'sim_1'
INFO: [SIM-utils-72] Using boost library from 'C:/Xilinx/Vivado/2022.2/tps/boost_1_72_0'
INFO: [USF-XSim-7] Finding pre-compiled libraries...
INFO: [USF-XSim-11] File 'C:/Xilinx/Vivado/2022.2/data/xsim/xsim.ini' copied to run dir:'C:/Users/Usuario/Desktop/10_OCTUBRE/PracticaFinal.sim/sim_1/behav/xsim'
INFO: [SIM-utils-54] Inspecting design source files for 'PICtop_tb' in fileset 'sim_1'...
INFO: [USF-XSim-97] Finding global include files...
INFO: [USF-XSim-98] Fetching design files from 'sim_1'...
INFO: [USF-XSim-2] XSim::Compile design
INFO: [USF-XSim-61] Executing 'COMPILE and ANALYZE' step in 'C:/Users/Usuario/Desktop/10_OCTUBRE/PracticaFinal.sim/sim_1/behav/xsim'
"xvlog --relax -prj PICtop_tb_vlog.prj"
INFO: [VRFC 10-2263] Analyzing Verilog file "C:/Users/Usuario/Desktop/10_OCTUBRE/PRACTICA1MIRIAM.gen/sources_1/ip/fifo/sim/fifo.v" into library xil_defaultlib
INFO: [VRFC 10-311] analyzing module fifo
INFO: [VRFC 10-2263] Analyzing Verilog file "C:/Users/Usuario/Desktop/10_OCTUBRE/PracticaFinal.sim/sim_1/behav/xsim/glbl.v" into library xil_defaultlib
INFO: [VRFC 10-311] analyzing module glbl
"xvhdl --relax -prj PICtop_tb_vhdl.prj"
INFO: [VRFC 10-163] Analyzing VHDL file "C:/Users/Usuario/Desktop/LCSE_PRACTICA2/PIC/PIC_pkg.vhd" into library xil_defaultlib
INFO: [VRFC 10-163] Analyzing VHDL file "C:/Users/Usuario/Desktop/10_OCTUBRE/PracticaFinal.srcs/sources_1/new/ALU.vhd" into library xil_defaultlib
INFO: [VRFC 10-3107] analyzing entity 'ALU'
INFO: [VRFC 10-163] Analyzing VHDL file "C:/Users/Usuario/Desktop/10_OCTUBRE/PracticaFinal.srcs/sources_1/new/CPU.vhd" into library xil_defaultlib
INFO: [VRFC 10-3107] analyzing entity 'CPU'
INFO: [VRFC 10-163] Analyzing VHDL file "C:/Users/Usuario/Desktop/10_OCTUBRE/PracticaFinal.srcs/sources_1/new/DMA.vhd" into library xil_defaultlib
INFO: [VRFC 10-3107] analyzing entity 'DMA'
INFO: [VRFC 10-163] Analyzing VHDL file "C:/Users/Usuario/Desktop/10_OCTUBRE/PIC/PICtop.vhd" into library xil_defaultlib
INFO: [VRFC 10-3107] analyzing entity 'PICtop'
INFO: [VRFC 10-163] Analyzing VHDL file "C:/Users/Usuario/Desktop/LCSE_PRACTICA2/PIC/RS232_test.vhd" into library xil_defaultlib
INFO: [VRFC 10-163] Analyzing VHDL file "C:/Users/Usuario/Desktop/10_OCTUBRE/PIC/RAM.vhd" into library xil_defaultlib
INFO: [VRFC 10-3107] analyzing entity 'ram'
INFO: [VRFC 10-163] Analyzing VHDL file "C:/Users/Usuario/Desktop/10_OCTUBRE/PracticaFinal.srcs/sources_1/new/RAM_RST.vhd" into library xil_defaultlib
INFO: [VRFC 10-3107] analyzing entity 'RAM_RST'
INFO: [VRFC 10-163] Analyzing VHDL file "C:/Users/Usuario/Desktop/10_OCTUBRE/PIC/ROM.vhd" into library xil_defaultlib
INFO: [VRFC 10-3107] analyzing entity 'ROM'
INFO: [VRFC 10-163] Analyzing VHDL file "C:/Users/Usuario/Desktop/10_OCTUBRE/PracticaFinal.srcs/sources_1/new/RS232_RX.vhd" into library xil_defaultlib
INFO: [VRFC 10-3107] analyzing entity 'RS232_RX'
INFO: [VRFC 10-163] Analyzing VHDL file "C:/Users/Usuario/Desktop/10_OCTUBRE/PracticaFinal.srcs/sources_1/new/RS232_TX.vhd" into library xil_defaultlib
INFO: [VRFC 10-3107] analyzing entity 'RS232_TX'
INFO: [VRFC 10-163] Analyzing VHDL file "C:/Users/Usuario/Desktop/10_OCTUBRE/PracticaFinal.srcs/sources_1/RS232/RS232top.vhd" into library xil_defaultlib
INFO: [VRFC 10-3107] analyzing entity 'RS232top'
INFO: [VRFC 10-163] Analyzing VHDL file "C:/Users/Usuario/Desktop/10_OCTUBRE/PracticaFinal.srcs/sources_1/new/ShiftRegister.vhd" into library xil_defaultlib
INFO: [VRFC 10-3107] analyzing entity 'ShiftRegister'
INFO: [VRFC 10-163] Analyzing VHDL file "C:/Users/Usuario/Desktop/10_OCTUBRE/PracticaFinal.srcs/sim_1/new/PICtop_tb.vhd" into library xil_defaultlib
INFO: [VRFC 10-3107] analyzing entity 'PICtop_tb'
INFO: [USF-XSim-69] 'compile' step finished in '2' seconds
INFO: [USF-XSim-3] XSim::Elaborate design
INFO: [USF-XSim-61] Executing 'ELABORATE' step in 'C:/Users/Usuario/Desktop/10_OCTUBRE/PracticaFinal.sim/sim_1/behav/xsim'
"xelab --debug typical --relax --mt 2 -L xil_defaultlib -L fifo_generator_v13_2_7 -L unisims_ver -L unimacro_ver -L secureip -L xpm --snapshot PICtop_tb_behav xil_defaultlib.PICtop_tb xil_defaultlib.glbl -log elaborate.log"
Vivado Simulator v2022.2
Copyright 1986-1999, 2001-2022 Xilinx, Inc. All Rights Reserved.
Running: C:/Xilinx/Vivado/2022.2/bin/unwrapped/win64.o/xelab.exe --debug typical --relax --mt 2 -L xil_defaultlib -L fifo_generator_v13_2_7 -L unisims_ver -L unimacro_ver -L secureip -L xpm --snapshot PICtop_tb_behav xil_defaultlib.PICtop_tb xil_defaultlib.glbl -log elaborate.log 
Using 2 slave threads.
Starting static elaboration
Pass Through NonSizing Optimizer
Completed static elaboration
Starting simulation data flow analysis
Completed simulation data flow analysis
Time Resolution for simulation is 1ps
Compiling package std.standard
Compiling package std.textio
Compiling package ieee.std_logic_1164
Compiling package ieee.numeric_std
Compiling package xil_defaultlib.pic_pkg
Compiling package xil_defaultlib.rs232_test
Compiling package ieee.std_logic_arith
Compiling package ieee.std_logic_unsigned
Compiling package vl.vl_types
Compiling module xil_defaultlib.glbl
Compiling architecture behavioral of entity xil_defaultlib.RS232_TX [rs232_tx_default]
Compiling architecture behavioral of entity xil_defaultlib.RS232_RX [rs232_rx_default]
Compiling architecture behavioral of entity xil_defaultlib.ShiftRegister [shiftregister_default]
Compiling module fifo_generator_v13_2_7.fifo_generator_v13_2_7_bhv_ver_s...
Compiling module fifo_generator_v13_2_7.fifo_generator_v13_2_7_bhv_ver_p...
Compiling module fifo_generator_v13_2_7.fifo_generator_v13_2_7_CONV_VER(...
Compiling module fifo_generator_v13_2_7.fifo_generator_vlog_beh(C_COMMON...
Compiling module xil_defaultlib.fifo
Compiling architecture rtl of entity xil_defaultlib.RS232top [rs232top_default]
Compiling architecture behavior of entity xil_defaultlib.ram [ram_default]
Compiling architecture behavioral of entity xil_defaultlib.RAM_RST [ram_rst_default]
Compiling architecture behavioral of entity xil_defaultlib.ALU [alu_default]
Compiling architecture behavioral of entity xil_defaultlib.DMA [dma_default]
Compiling architecture behavioral of entity xil_defaultlib.CPU [cpu_default]
Compiling architecture automatic of entity xil_defaultlib.ROM [rom_default]
Compiling architecture behavior of entity xil_defaultlib.PICtop [pictop_default]
Compiling architecture testbench of entity xil_defaultlib.pictop_tb
Built simulation snapshot PICtop_tb_behav
INFO: [USF-XSim-69] 'elaborate' step finished in '4' seconds
INFO: [USF-XSim-4] XSim::Simulate design
INFO: [USF-XSim-61] Executing 'SIMULATE' step in 'C:/Users/Usuario/Desktop/10_OCTUBRE/PracticaFinal.sim/sim_1/behav/xsim'
INFO: [USF-XSim-98] *** Running xsim
   with args "PICtop_tb_behav -key {Behavioral:sim_1:Functional:PICtop_tb} -tclbatch {PICtop_tb.tcl} -view {C:/Users/Usuario/Desktop/10_OCTUBRE/PIC_final.wcfg} -log {simulate.log}"
INFO: [USF-XSim-8] Loading simulator feature
Time resolution is 1 ps
open_wave_config C:/Users/Usuario/Desktop/10_OCTUBRE/PIC_final.wcfg
source PICtop_tb.tcl
# set curr_wave [current_wave_config]
# if { [string length $curr_wave] == 0 } {
#   if { [llength [get_objects]] > 0} {
#     add_wave /
#     set_property needs_save false [current_wave_config]
#   } else {
#      send_msg_id Add_Wave-1 WARNING "No top level signals found. Simulator will start without a wave window. If you want to open a wave window go to 'File->New Waveform Configuration' or type 'create_wave_config' in the TCL console."
#   }
# }
# run 800us
INFO: [USF-XSim-96] XSim completed. Design snapshot 'PICtop_tb_behav' loaded.
INFO: [USF-XSim-97] XSim simulation ran for 800us
launch_simulation: Time (s): cpu = 00:00:03 ; elapsed = 00:00:11 . Memory (MB): peak = 1328.117 ; gain = 0.000
close_sim
INFO: [Simtcl 6-16] Simulation closed
exit
INFO: [Common 17-206] Exiting Vivado at Sun Dec 10 14:58:31 2023...
