Vivado Simulator v2022.2
Copyright 1986-1999, 2001-2022 Xilinx, Inc. All Rights Reserved.
Running: C:/Xilinx/Vivado/2022.2/bin/unwrapped/win64.o/xelab.exe --debug typical --relax --mt 2 -L xil_defaultlib -L fifo_generator_v13_2_7 -L unisims_ver -L unimacro_ver -L secureip -L xpm --snapshot PICtop_tb_behav xil_defaultlib.PICtop_tb xil_defaultlib.glbl -log elaborate.log 
Using 2 slave threads.
Starting static elaboration
Pass Through NonSizing Optimizer
Completed static elaboration
Starting simulation data flow analysis
Completed simulation data flow analysis
Time Resolution for simulation is 1ps
Compiling package std.standard
Compiling package std.textio
Compiling package ieee.std_logic_1164
Compiling package ieee.numeric_std
Compiling package xil_defaultlib.pic_pkg
Compiling package xil_defaultlib.rs232_test
Compiling package ieee.std_logic_arith
Compiling package ieee.std_logic_unsigned
Compiling package vl.vl_types
Compiling module xil_defaultlib.glbl
Compiling architecture behavioral of entity xil_defaultlib.RS232_TX [rs232_tx_default]
Compiling architecture behavioral of entity xil_defaultlib.RS232_RX [rs232_rx_default]
Compiling architecture behavioral of entity xil_defaultlib.ShiftRegister [shiftregister_default]
Compiling module fifo_generator_v13_2_7.fifo_generator_v13_2_7_bhv_ver_s...
Compiling module fifo_generator_v13_2_7.fifo_generator_v13_2_7_bhv_ver_p...
Compiling module fifo_generator_v13_2_7.fifo_generator_v13_2_7_CONV_VER(...
Compiling module fifo_generator_v13_2_7.fifo_generator_vlog_beh(C_COMMON...
Compiling module xil_defaultlib.fifo
Compiling architecture rtl of entity xil_defaultlib.RS232top [rs232top_default]
Compiling architecture behavior of entity xil_defaultlib.ram [ram_default]
Compiling architecture behavioral of entity xil_defaultlib.RAM_RST [ram_rst_default]
Compiling architecture behavioral of entity xil_defaultlib.ALU [alu_default]
Compiling architecture behavioral of entity xil_defaultlib.DMA [dma_default]
Compiling architecture behavioral of entity xil_defaultlib.CPU [cpu_default]
Compiling architecture automatic of entity xil_defaultlib.ROM [rom_default]
Compiling architecture behavior of entity xil_defaultlib.PICtop [pictop_default]
Compiling architecture testbench of entity xil_defaultlib.pictop_tb
Built simulation snapshot PICtop_tb_behav
