INFO: [VRFC 10-163] Analyzing VHDL file "C:/Users/Usuario/Desktop/LCSE_PRACTICA2/PIC/PIC_pkg.vhd" into library xil_defaultlib
INFO: [VRFC 10-163] Analyzing VHDL file "C:/Users/Usuario/Desktop/LCSE/LCSE/PracticaFinal.srcs/sources_1/new/DMA.vhd" into library xil_defaultlib
INFO: [VRFC 10-3107] analyzing entity 'DMA'
INFO: [VRFC 10-163] Analyzing VHDL file "C:/Users/Usuario/Desktop/LCSE/LCSE/PracticaFinal.srcs/sources_1/new/RAM_top.vhd" into library xil_defaultlib
INFO: [VRFC 10-3107] analyzing entity 'RAM_top'
INFO: [VRFC 10-163] Analyzing VHDL file "C:/Users/Usuario/Desktop/LCSE/LCSE/PracticaFinal.srcs/sources_1/new/RS232_RX.vhd" into library xil_defaultlib
INFO: [VRFC 10-3107] analyzing entity 'RS232_RX'
INFO: [VRFC 10-163] Analyzing VHDL file "C:/Users/Usuario/Desktop/LCSE/LCSE/PracticaFinal.srcs/sources_1/new/RS232_TX.vhd" into library xil_defaultlib
INFO: [VRFC 10-3107] analyzing entity 'RS232_TX'
INFO: [VRFC 10-163] Analyzing VHDL file "C:/Users/Usuario/Desktop/LCSE/LCSE/PracticaFinal.srcs/sources_1/RS232/RS232top.vhd" into library xil_defaultlib
INFO: [VRFC 10-3107] analyzing entity 'RS232top'
INFO: [VRFC 10-163] Analyzing VHDL file "C:/Users/Usuario/Desktop/LCSE/LCSE/PracticaFinal.srcs/sources_1/new/ShiftRegister.vhd" into library xil_defaultlib
INFO: [VRFC 10-3107] analyzing entity 'ShiftRegister'
INFO: [VRFC 10-163] Analyzing VHDL file "C:/Users/Usuario/Desktop/LCSE/LCSE/PracticaFinal.srcs/sources_1/new/TERNA.vhd" into library xil_defaultlib
INFO: [VRFC 10-3107] analyzing entity 'TERNA'
INFO: [VRFC 10-163] Analyzing VHDL file "C:/Users/Usuario/Desktop/LCSE/LCSE/PracticaFinal.srcs/sources_1/new/ram_e.vhd" into library xil_defaultlib
INFO: [VRFC 10-3107] analyzing entity 'RAM_e'
INFO: [VRFC 10-163] Analyzing VHDL file "C:/Users/Usuario/Desktop/LCSE/LCSE/PracticaFinal.srcs/sources_1/new/ram_g.vhd" into library xil_defaultlib
INFO: [VRFC 10-3107] analyzing entity 'RAM_g'
INFO: [VRFC 10-163] Analyzing VHDL file "C:/Users/Usuario/Desktop/LCSE/LCSE/PracticaFinal.srcs/sim_1/new/DMA_tb.vhd" into library xil_defaultlib
INFO: [VRFC 10-3107] analyzing entity 'DMA_tb'
